This is pdfTeX, Version 3.141592653-2.6-1.40.29 (TeX Live 2026) (preloaded format=pdflatex 2026.7.3)  3 JUL 2026 12:01
entering extended mode
 restricted \write18 enabled.
 %&-line parsing enabled.
**Alcohol-attributable_diseases_and_dose-response_curves.tex
(./Alcohol-attributable_diseases_and_dose-response_curves.tex
LaTeX2e <2026-06-01>
L3 programming layer <2026-06-18>
(c:/Users/cm1dog/AppData/Roaming/TinyTeX/texmf-dist/tex/latex/base/article.cls
Document Class: article 2025/01/22 v1.4n Standard LaTeX document class
(c:/Users/cm1dog/AppData/Roaming/TinyTeX/texmf-dist/tex/latex/base/size10.clo
File: size10.clo 2025/01/22 v1.4n Standard LaTeX file (size option)
)
\c@part=\count276
\c@section=\count277
\c@subsection=\count278
\c@subsubsection=\count279
\c@paragraph=\count280
\c@subparagraph=\count281
\c@figure=\count282
\c@table=\count283
\abovecaptionskip=\skip49
\belowcaptionskip=\skip50
\bibindent=\dimen150
) (c:/Users/cm1dog/AppData/Roaming/TinyTeX/texmf-dist/tex/latex/xcolor/xcolor.sty
Package: xcolor 2024/09/29 v3.02 LaTeX color extensions (UK)
(c:/Users/cm1dog/AppData/Roaming/TinyTeX/texmf-dist/tex/latex/graphics-cfg/color.cfg
File: color.cfg 2016/01/02 v1.6 sample color configuration
)
Package xcolor Info: Driver file: pdftex.def on input line 274.
(c:/Users/cm1dog/AppData/Roaming/TinyTeX/texmf-dist/tex/latex/graphics-def/pdftex.def
File: pdftex.def 2025/09/29 v1.2d Graphics/color driver for pdftex
) (c:/Users/cm1dog/AppData/Roaming/TinyTeX/texmf-dist/tex/latex/graphics/mathcolor.ltx)
Package xcolor Info: Model `cmy' substituted by `cmy0' on input line 1349.
Package xcolor Info: Model `hsb' substituted by `rgb' on input line 1353.
Package xcolor Info: Model `RGB' extended on input line 1365.
Package xcolor Info: Model `HTML' substituted by `rgb' on input line 1367.
Package xcolor Info: Model `Hsb' substituted by `hsb' on input line 1368.
Package xcolor Info: Model `tHsb' substituted by `hsb' on input line 1369.
Package xcolor Info: Model `HSB' substituted by `hsb' on input line 1370.
Package xcolor Info: Model `Gray' substituted by `gray' on input line 1371.
Package xcolor Info: Model `wave' substituted by `hsb' on input line 1372.
) (c:/Users/cm1dog/AppData/Roaming/TinyTeX/texmf-dist/tex/latex/graphics/dvipsnam.def
File: dvipsnam.def 2026-05-17 v3.0m Driver-dependent file (DPC,SPQR)
) (c:/Users/cm1dog/AppData/Roaming/TinyTeX/texmf-dist/tex/latex/xcolor/svgnam.def
File: svgnam.def 2024/09/29 v3.02 Predefined colors according to SVG 1.1 (UK)
) (c:/Users/cm1dog/AppData/Roaming/TinyTeX/texmf-dist/tex/latex/xcolor/x11nam.def
File: x11nam.def 2024/09/29 v3.02 Predefined colors according to Unix/X11 (UK)
) (c:/Users/cm1dog/AppData/Roaming/TinyTeX/texmf-dist/tex/latex/geometry/geometry.sty
Package: geometry 2026/03/07 v6.0 Page Geometry
(c:/Users/cm1dog/AppData/Roaming/TinyTeX/texmf-dist/tex/latex/graphics/keyval.sty
Package: keyval 2026-05-17 v1.15 key=value parser (DPC)
\KV@toks@=\toks17
) (c:/Users/cm1dog/AppData/Roaming/TinyTeX/texmf-dist/tex/generic/iftex/ifvtex.sty
Package: ifvtex 2019/10/25 v1.7 ifvtex legacy package. Use iftex instead.
(c:/Users/cm1dog/AppData/Roaming/TinyTeX/texmf-dist/tex/generic/iftex/iftex.sty
Package: iftex 2024/12/12 v1.0g TeX engine tests
))
\Gm@cnth=\count284
\Gm@cntv=\count285
\c@Gm@tempcnt=\count286
\Gm@bindingoffset=\dimen151
\Gm@wd@mp=\dimen152
\Gm@odd@mp=\dimen153
\Gm@even@mp=\dimen154
\Gm@layoutwidth=\dimen155
\Gm@layoutheight=\dimen156
\Gm@layouthoffset=\dimen157
\Gm@layoutvoffset=\dimen158
\Gm@dimlist=\toks18
) (c:/Users/cm1dog/AppData/Roaming/TinyTeX/texmf-dist/tex/latex/amsmath/amsmath.sty
Package: amsmath 2026/05/19 v2.18d AMS math features
\@mathmargin=\skip51
For additional information on amsmath, use the `?' option.
(c:/Users/cm1dog/AppData/Roaming/TinyTeX/texmf-dist/tex/latex/amsmath/amstext.sty
Package: amstext 2024/11/17 v2.01 AMS text
(c:/Users/cm1dog/AppData/Roaming/TinyTeX/texmf-dist/tex/latex/amsmath/amsgen.sty
File: amsgen.sty 1999/11/30 v2.0 generic functions
\@emptytoks=\toks19
\ex@=\dimen159
)) (c:/Users/cm1dog/AppData/Roaming/TinyTeX/texmf-dist/tex/latex/amsmath/amsbsy.sty
Package: amsbsy 1999/11/29 v1.2d Bold Symbols
\pmbraise@=\dimen160
) (c:/Users/cm1dog/AppData/Roaming/TinyTeX/texmf-dist/tex/latex/amsmath/amsopn.sty
Package: amsopn 2022/04/08 v2.04 operator names
)
\inf@bad=\count287
LaTeX Info: Redefining \frac on input line 233.
\uproot@=\count288
\leftroot@=\count289
LaTeX Info: Redefining \overline on input line 398.
LaTeX Info: Redefining \colon on input line 409.
\classnum@=\count290
\DOTSCASE@=\count291
LaTeX Info: Redefining \ldots on input line 495.
LaTeX Info: Redefining \dots on input line 498.
LaTeX Info: Redefining \cdots on input line 619.
\Mathstrutbox@=\box53
\strutbox@=\box54
LaTeX Info: Redefining \big on input line 721.
LaTeX Info: Redefining \Big on input line 722.
LaTeX Info: Redefining \bigg on input line 723.
LaTeX Info: Redefining \Bigg on input line 724.
\big@size=\dimen161
LaTeX Font Info:    Redeclaring font encoding OML on input line 742.
LaTeX Font Info:    Redeclaring font encoding OMS on input line 743.
\macc@depth=\count292
LaTeX Info: Redefining \bmod on input line 904.
LaTeX Info: Redefining \pmod on input line 909.
LaTeX Info: Redefining \smash on input line 939.
LaTeX Info: Redefining \relbar on input line 969.
LaTeX Info: Redefining \Relbar on input line 970.
\c@MaxMatrixCols=\count293
\dotsspace@=\muskip17
\c@parentequation=\count294
\dspbrk@lvl=\count295
\tag@help=\toks20
\row@=\count296
\column@=\count297
\maxfields@=\count298
\andhelp@=\toks21
\eqnshift@=\dimen162
\alignsep@=\dimen163
\tagshift@=\dimen164
\tagwidth@=\dimen165
\totwidth@=\dimen166
\lineht@=\dimen167
\@envbody=\toks22
\multlinegap=\skip52
\multlinetaggap=\skip53
\mathdisplay@stack=\toks23
LaTeX Info: Redefining \[ on input line 2965.
LaTeX Info: Redefining \] on input line 2966.
) (c:/Users/cm1dog/AppData/Roaming/TinyTeX/texmf-dist/tex/latex/amsfonts/amssymb.sty
Package: amssymb 2013/01/14 v3.01 AMS font symbols
(c:/Users/cm1dog/AppData/Roaming/TinyTeX/texmf-dist/tex/latex/amsfonts/amsfonts.sty
Package: amsfonts 2013/01/14 v3.01 Basic AMSFonts support
\symAMSa=\mathgroup4
\symAMSb=\mathgroup5
LaTeX Font Info:    Redeclaring math symbol \hbar on input line 98.
LaTeX Font Info:    Overwriting math alphabet `\mathfrak' in version `bold'
(Font)                  U/euf/m/n --> U/euf/b/n on input line 106.
)) (c:/Users/cm1dog/AppData/Roaming/TinyTeX/texmf-dist/tex/latex/base/fontenc.sty
Package: fontenc 2025/07/18 v2.1d Standard LaTeX package
) (c:/Users/cm1dog/AppData/Roaming/TinyTeX/texmf-dist/tex/latex/base/inputenc.sty
Package: inputenc 2024/02/08 v1.3d Input encoding file
\inpenc@prehook=\toks24
\inpenc@posthook=\toks25
) (c:/Users/cm1dog/AppData/Roaming/TinyTeX/texmf-dist/tex/latex/base/textcomp.sty
Package: textcomp 2024/04/24 v2.1b Standard LaTeX package
) (c:/Users/cm1dog/AppData/Roaming/TinyTeX/texmf-dist/tex/latex/lm/lmodern.sty
Package: lmodern 2015/05/01 v1.6.1 Latin Modern Fonts
LaTeX Font Info:    Overwriting symbol font `operators' in version `normal'
(Font)                  OT1/cmr/m/n --> OT1/lmr/m/n on input line 22.
LaTeX Font Info:    Overwriting symbol font `letters' in version `normal'
(Font)                  OML/cmm/m/it --> OML/lmm/m/it on input line 23.
LaTeX Font Info:    Overwriting symbol font `symbols' in version `normal'
(Font)                  OMS/cmsy/m/n --> OMS/lmsy/m/n on input line 24.
LaTeX Font Info:    Overwriting symbol font `largesymbols' in version `normal'
(Font)                  OMX/cmex/m/n --> OMX/lmex/m/n on input line 25.
LaTeX Font Info:    Overwriting symbol font `operators' in version `bold'
(Font)                  OT1/cmr/bx/n --> OT1/lmr/bx/n on input line 26.
LaTeX Font Info:    Overwriting symbol font `letters' in version `bold'
(Font)                  OML/cmm/b/it --> OML/lmm/b/it on input line 27.
LaTeX Font Info:    Overwriting symbol font `symbols' in version `bold'
(Font)                  OMS/cmsy/b/n --> OMS/lmsy/b/n on input line 28.
LaTeX Font Info:    Overwriting symbol font `largesymbols' in version `bold'
(Font)                  OMX/cmex/m/n --> OMX/lmex/m/n on input line 29.
LaTeX Font Info:    Overwriting math alphabet `\mathbf' in version `normal'
(Font)                  OT1/cmr/bx/n --> OT1/lmr/bx/n on input line 31.
LaTeX Font Info:    Overwriting math alphabet `\mathsf' in version `normal'
(Font)                  OT1/cmss/m/n --> OT1/lmss/m/n on input line 32.
LaTeX Font Info:    Overwriting math alphabet `\mathit' in version `normal'
(Font)                  OT1/cmr/m/it --> OT1/lmr/m/it on input line 33.
LaTeX Font Info:    Overwriting math alphabet `\mathtt' in version `normal'
(Font)                  OT1/cmtt/m/n --> OT1/lmtt/m/n on input line 34.
LaTeX Font Info:    Overwriting math alphabet `\mathbf' in version `bold'
(Font)                  OT1/cmr/bx/n --> OT1/lmr/bx/n on input line 35.
LaTeX Font Info:    Overwriting math alphabet `\mathsf' in version `bold'
(Font)                  OT1/cmss/bx/n --> OT1/lmss/bx/n on input line 36.
LaTeX Font Info:    Overwriting math alphabet `\mathit' in version `bold'
(Font)                  OT1/cmr/bx/it --> OT1/lmr/bx/it on input line 37.
LaTeX Font Info:    Overwriting math alphabet `\mathtt' in version `bold'
(Font)                  OT1/cmtt/m/n --> OT1/lmtt/m/n on input line 38.
) (c:/Users/cm1dog/AppData/Roaming/TinyTeX/texmf-dist/tex/latex/upquote/upquote.sty
Package: upquote 2012/04/19 v1.3 upright-quote and grave-accent glyphs in verbatim
) (c:/Users/cm1dog/AppData/Roaming/TinyTeX/texmf-dist/tex/latex/microtype/microtype.sty
Package: microtype 2026/03/01 v3.2d Micro-typographical refinements (RS)
(c:/Users/cm1dog/AppData/Roaming/TinyTeX/texmf-dist/tex/latex/etoolbox/etoolbox.sty
Package: etoolbox 2025/10/02 v2.5m e-TeX tools for LaTeX (JAW)
\etb@tempcnta=\count299
)
\MT@toks=\toks26
\MT@tempbox=\box55
\MT@count=\count300
LaTeX Info: Redefining \noprotrusionifhmode on input line 1084.
LaTeX Info: Redefining \leftprotrusion on input line 1085.
\MT@prot@toks=\toks27
LaTeX Info: Redefining \rightprotrusion on input line 1104.
LaTeX Info: Redefining \textls on input line 1449.
\MT@outer@kern=\dimen168
LaTeX Info: Redefining \microtypecontext on input line 2053.
LaTeX Info: Redefining \textmicrotypecontext on input line 2070.
\MT@listname@count=\count301
(c:/Users/cm1dog/AppData/Roaming/TinyTeX/texmf-dist/tex/latex/microtype/microtype-pdftex.def
File: microtype-pdftex.def 2026/03/01 v3.2d Definitions specific to pdftex (RS)
LaTeX Info: Redefining \lsstyle on input line 944.
LaTeX Info: Redefining \lslig on input line 944.
\MT@outer@space=\skip54
)
Package microtype Info: Loading configuration file microtype.cfg.
(c:/Users/cm1dog/AppData/Roaming/TinyTeX/texmf-dist/tex/latex/microtype/microtype.cfg
File: microtype.cfg 2026/03/01 v3.2d microtype main configuration file (RS)
)
LaTeX Info: Redefining \microtypesetup on input line 3065.
) (c:/Users/cm1dog/AppData/Roaming/TinyTeX/texmf-dist/tex/latex/parskip/parskip.sty
Package: parskip 2021-03-14 v2.0h non-zero parskip adjustments
(c:/Users/cm1dog/AppData/Roaming/TinyTeX/texmf-dist/tex/latex/kvoptions/kvoptions.sty
Package: kvoptions 2022-06-15 v3.15 Key value format for package options (HO)
(c:/Users/cm1dog/AppData/Roaming/TinyTeX/texmf-dist/tex/generic/ltxcmds/ltxcmds.sty
Package: ltxcmds 2023-12-04 v1.26 LaTeX kernel commands for general use (HO)
) (c:/Users/cm1dog/AppData/Roaming/TinyTeX/texmf-dist/tex/latex/kvsetkeys/kvsetkeys.sty
Package: kvsetkeys 2022-10-05 v1.19 Key value parser (HO)
))) (c:/Users/cm1dog/AppData/Roaming/TinyTeX/texmf-dist/tex/latex/listings/listings.sty
\lst@mode=\count302
\lst@gtempboxa=\box56
\lst@token=\toks28
\lst@length=\count303
\lst@currlwidth=\dimen169
\lst@column=\count304
\lst@pos=\count305
\lst@lostspace=\dimen170
\lst@width=\dimen171
\lst@newlines=\count306
\lst@lineno=\count307
\lst@maxwidth=\dimen172
(c:/Users/cm1dog/AppData/Roaming/TinyTeX/texmf-dist/tex/latex/listings/lstpatch.sty
File: lstpatch.sty 2025/11/14 1.11b (Carsten Heinz)
) (c:/Users/cm1dog/AppData/Roaming/TinyTeX/texmf-dist/tex/latex/listings/lstmisc.sty
File: lstmisc.sty 2025/11/14 1.11b (Carsten Heinz)
\c@lstnumber=\count308
\lst@skipnumbers=\count309
\lst@framebox=\box57
) (c:/Users/cm1dog/AppData/Roaming/TinyTeX/texmf-dist/tex/latex/listings/listings.cfg
File: listings.cfg 2025/11/14 1.11b listings configuration
))
Package: listings 2025/11/14 1.11b (Carsten Heinz)
(c:/Users/cm1dog/AppData/Roaming/TinyTeX/texmf-dist/tex/latex/tools/longtable.sty
Package: longtable 2026-01-28 v4.27 Multi-page Table package (DPC)
\LTleft=\skip55
\LTright=\skip56
\LTpre=\skip57
\LTpost=\skip58
\LTchunksize=\count310
\LTcapwidth=\dimen173
\LT@head=\box58
\LT@firsthead=\box59
\LT@foot=\box60
\LT@lastfoot=\box61
\LT@gbox=\box62
\LT@cols=\count311
\LT@rows=\count312
\c@LT@tables=\count313
\c@LT@chunks=\count314
\LT@p@ftn=\toks29
) (c:/Users/cm1dog/AppData/Roaming/TinyTeX/texmf-dist/tex/latex/booktabs/booktabs.sty
Package: booktabs 2020/01/12 v1.61803398 Publication quality tables
\heavyrulewidth=\dimen174
\lightrulewidth=\dimen175
\cmidrulewidth=\dimen176
\belowrulesep=\dimen177
\belowbottomsep=\dimen178
\aboverulesep=\dimen179
\abovetopsep=\dimen180
\cmidrulesep=\dimen181
\cmidrulekern=\dimen182
\defaultaddspace=\dimen183
\@cmidla=\count315
\@cmidlb=\count316
\@aboverulesep=\dimen184
\@belowrulesep=\dimen185
\@thisruleclass=\count317
\@lastruleclass=\count318
\@thisrulewidth=\dimen186
) (c:/Users/cm1dog/AppData/Roaming/TinyTeX/texmf-dist/tex/latex/tools/array.sty
Package: array 2026/02/24 v2.7b Tabular extension package (FMi)
\col@sep=\dimen187
\ar@mcellbox=\box63
\extrarowheight=\dimen188
\NC@list=\toks30
\extratabsurround=\skip59
\backup@length=\skip60
\ar@cellbox=\box64
)
\c@none=\count319
(c:/Users/cm1dog/AppData/Roaming/TinyTeX/texmf-dist/tex/latex/tools/calc.sty
Package: calc 2025/03/01 v4.3b Infix arithmetic (KKT,FJ)
\calc@Acount=\count320
\calc@Bcount=\count321
\calc@Adimen=\dimen189
\calc@Bdimen=\dimen190
\calc@Askip=\skip61
\calc@Bskip=\skip62
LaTeX Info: Redefining \setlength on input line 86.
LaTeX Info: Redefining \addtolength on input line 87.
\calc@Ccount=\count322
\calc@Cskip=\skip63
) (c:/Users/cm1dog/AppData/Roaming/TinyTeX/texmf-dist/tex/latex/mdwtools/footnote.sty
Package: footnote 1997/01/28 1.13 Save footnotes around boxes
\fn@notes=\box65
\fn@width=\dimen191
) (c:/Users/cm1dog/AppData/Roaming/TinyTeX/texmf-dist/tex/latex/graphics/graphicx.sty
Package: graphicx 2026-05-17 v1.2e Enhanced LaTeX Graphics (DPC,SPQR)
(c:/Users/cm1dog/AppData/Roaming/TinyTeX/texmf-dist/tex/latex/graphics/graphics.sty
Package: graphics 2026-05-17 v1.4h Standard LaTeX Graphics (DPC,SPQR)
(c:/Users/cm1dog/AppData/Roaming/TinyTeX/texmf-dist/tex/latex/graphics/trig.sty
Package: trig 2023/12/02 v1.11 sin cos tan (DPC)
) (c:/Users/cm1dog/AppData/Roaming/TinyTeX/texmf-dist/tex/latex/graphics-cfg/graphics.cfg
File: graphics.cfg 2016/06/04 v1.11 sample graphics configuration
)
Package graphics Info: Driver file: pdftex.def on input line 106.
)
\Gin@req@height=\dimen192
\Gin@req@width=\dimen193
)
\pandoc@box=\box66
\cslhangindent=\skip64
\csllabelwidth=\skip65
(c:/Users/cm1dog/AppData/Roaming/TinyTeX/texmf-dist/tex/latex/caption/caption.sty
Package: caption 2023/08/05 v3.6o Customizing captions (AR)
(c:/Users/cm1dog/AppData/Roaming/TinyTeX/texmf-dist/tex/latex/caption/caption3.sty
Package: caption3 2023/07/31 v2.4d caption3 kernel (AR)
\caption@tempdima=\dimen194
\captionmargin=\dimen195
\caption@leftmargin=\dimen196
\caption@rightmargin=\dimen197
\caption@width=\dimen198
\caption@indent=\dimen199
\caption@parindent=\dimen256
\caption@hangindent=\dimen257
Package caption Info: Standard document class detected.
)
\c@caption@flags=\count323
\c@continuedfloat=\count324
Package caption Info: listings package is loaded.
Package caption Info: longtable package is loaded.
(c:/Users/cm1dog/AppData/Roaming/TinyTeX/texmf-dist/tex/latex/caption/ltcaption.sty
Package: ltcaption 2021/01/08 v1.4c longtable captions (AR)
)) (c:/Users/cm1dog/AppData/Roaming/TinyTeX/texmf-dist/tex/latex/multirow/multirow.sty
Package: multirow 2024/11/12 v2.9 Span multiple rows of a table
\multirow@colwidth=\skip66
\multirow@cntb=\count325
\multirow@dima=\skip67
\bigstrutjot=\dimen258
) (c:/Users/cm1dog/AppData/Roaming/TinyTeX/texmf-dist/tex/latex/wrapfig/wrapfig.sty
\wrapoverhang=\dimen259
\WF@size=\dimen260
\c@WF@wrappedlines=\count326
\WF@box=\box67
\WF@everypar=\toks31
Package: wrapfig 2003/01/31  v 3.6
) (c:/Users/cm1dog/AppData/Roaming/TinyTeX/texmf-dist/tex/latex/float/float.sty
Package: float 2001/11/08 v1.3d Float enhancements (AL)
\c@float@type=\count327
\float@exts=\toks32
\float@box=\box68
\@float@everytoks=\toks33
\@floatcapt=\box69
) (c:/Users/cm1dog/AppData/Roaming/TinyTeX/texmf-dist/tex/latex/colortbl/colortbl.sty
Package: colortbl 2026/05/01 v1.0l Color table columns (DPC)
new hooks used!!
\minrowclearance=\skip68
\rownum=\count328
) (c:/Users/cm1dog/AppData/Roaming/TinyTeX/texmf-dist/tex/latex/pdflscape/pdflscape.sty
Package: pdflscape 2025-06-23 v0.14 Display of landscape pages in PDF
(c:/Users/cm1dog/AppData/Roaming/TinyTeX/texmf-dist/tex/latex/pdflscape/pdflscape-nometadata.sty
Package: pdflscape-nometadata 2025-06-23 v0.14 Display of landscape pages in PDF (HO)
(c:/Users/cm1dog/AppData/Roaming/TinyTeX/texmf-dist/tex/latex/graphics/lscape.sty
Package: lscape 2020/05/28 v3.02 Landscape Pages (DPC)
)
Package pdflscape Info: Auto-detected driver: pdftex on input line 81.
)) (c:/Users/cm1dog/AppData/Roaming/TinyTeX/texmf-dist/tex/latex/tabu/tabu.sty
Package: tabu 2019/01/11 v2.9 - flexible LaTeX tabulars (FC+tabu-fixed)
(c:/Users/cm1dog/AppData/Roaming/TinyTeX/texmf-dist/tex/latex/varwidth/varwidth.sty
Package: varwidth 2009/03/30 ver 0.92;  Variable-width minipages
\@vwid@box=\box70
\sift@deathcycles=\count329
\@vwid@loff=\dimen261
\@vwid@roff=\dimen262
)
==> First Aid for varwidth.sty applied!
\c@taburow=\count330
\tabu@nbcols=\count331
\tabu@cnt=\count332
\tabu@Xcol=\count333
\tabu@alloc=\count334
\tabu@nested=\count335
\tabu@target=\dimen263
\tabu@spreadtarget=\dimen264
\tabu@naturalX=\dimen265
\tabucolX=\dimen266
\tabu@Xsum=\dimen267
\extrarowdepth=\dimen268
\abovetabulinesep=\dimen269
\belowtabulinesep=\dimen270
\tabustrutrule=\dimen271
\tabu@thebody=\toks34
\tabu@footnotes=\toks35
\tabu@box=\box71
\tabu@arstrutbox=\box72
\tabu@hleads=\box73
\tabu@vleads=\box74
\tabu@cellskip=\skip69
) (c:/Users/cm1dog/AppData/Roaming/TinyTeX/texmf-dist/tex/latex/threeparttable/threeparttable.sty
Package: threeparttable 2003/06/13  v 3.0
\@tempboxb=\box75
) (c:/Users/cm1dog/AppData/Roaming/TinyTeX/texmf-dist/tex/latex/threeparttablex/threeparttablex.sty
Package: threeparttablex 2013/07/23 v0.3 by daleif
(c:/Users/cm1dog/AppData/Roaming/TinyTeX/texmf-dist/tex/latex/environ/environ.sty
Package: environ 2014/05/04 v0.3 A new way to define environments
(c:/Users/cm1dog/AppData/Roaming/TinyTeX/texmf-dist/tex/latex/trimspaces/trimspaces.sty
Package: trimspaces 2009/09/17 v1.1 Trim spaces around a token list
))
\TPTL@width=\skip70
) (c:/Users/cm1dog/AppData/Roaming/TinyTeX/texmf-dist/tex/generic/ulem/ulem.sty
\UL@box=\box76
\UL@hyphenbox=\box77
\UL@skip=\skip71
\UL@hook=\toks36
\UL@height=\dimen272
\UL@pe=\count336
\UL@pixel=\dimen273
\ULC@box=\box78
Package: ulem 2019/11/18
\ULdepth=\dimen274
) (c:/Users/cm1dog/AppData/Roaming/TinyTeX/texmf-dist/tex/latex/makecell/makecell.sty
Package: makecell 2009/08/03 V0.1e Managing of Tab Column Heads and Cells
\rotheadsize=\dimen275
\c@nlinenum=\count337
\TeXr@lab=\toks37
) (c:/Users/cm1dog/AppData/Roaming/TinyTeX/texmf-dist/tex/latex/titling/titling.sty
Package: titling 2009/09/04 v2.1d maketitle typesetting
\thanksmarkwidth=\skip72
\thanksmargin=\skip73
\droptitle=\skip74
) (c:/Users/cm1dog/AppData/Roaming/TinyTeX/texmf-dist/tex/latex/tcolorbox/tcolorbox.sty
Package: tcolorbox 2026/05/28 version 6.10.0 text color boxes
(c:/Users/cm1dog/AppData/Roaming/TinyTeX/texmf-dist/tex/latex/pgf/frontendlayer/tikz.sty (c:/Users/cm1dog/AppData/Roaming/TinyTeX/texmf-dist/tex/latex/pgf/basiclayer/pgf.sty (c:/Users/cm1dog/AppData/Roaming/TinyTeX/texmf-dist/tex/latex/pgf/utilities/pgfrcs.sty (c:/Users/cm1dog/AppData/Roaming/TinyTeX/texmf-dist/tex/generic/pgf/utilities/pgfutil-common.tex
\pgfutil@everybye=\toks38
\pgfutil@tempdima=\dimen276
\pgfutil@tempdimb=\dimen277
) (c:/Users/cm1dog/AppData/Roaming/TinyTeX/texmf-dist/tex/generic/pgf/utilities/pgfutil-latex.def
\pgfutil@abb=\box79
) (c:/Users/cm1dog/AppData/Roaming/TinyTeX/texmf-dist/tex/generic/pgf/utilities/pgfrcs.code.tex (c:/Users/cm1dog/AppData/Roaming/TinyTeX/texmf-dist/tex/generic/pgf/pgf.revision.tex)
Package: pgfrcs 2025-08-29 v3.1.11a (3.1.11a)
))
Package: pgf 2025-08-29 v3.1.11a (3.1.11a)
(c:/Users/cm1dog/AppData/Roaming/TinyTeX/texmf-dist/tex/latex/pgf/basiclayer/pgfcore.sty (c:/Users/cm1dog/AppData/Roaming/TinyTeX/texmf-dist/tex/latex/pgf/systemlayer/pgfsys.sty (c:/Users/cm1dog/AppData/Roaming/TinyTeX/texmf-dist/tex/generic/pgf/systemlayer/pgfsys.code.tex
Package: pgfsys 2025-08-29 v3.1.11a (3.1.11a)
(c:/Users/cm1dog/AppData/Roaming/TinyTeX/texmf-dist/tex/generic/pgf/utilities/pgfkeys.code.tex
\pgfkeys@pathtoks=\toks39
\pgfkeys@temptoks=\toks40
(c:/Users/cm1dog/AppData/Roaming/TinyTeX/texmf-dist/tex/generic/pgf/utilities/pgfkeyslibraryfiltered.code.tex
\pgfkeys@tmptoks=\toks41
))
\pgf@x=\dimen278
\pgf@y=\dimen279
\pgf@xa=\dimen280
\pgf@ya=\dimen281
\pgf@xb=\dimen282
\pgf@yb=\dimen283
\pgf@xc=\dimen284
\pgf@yc=\dimen285
\pgf@xd=\dimen286
\pgf@yd=\dimen287
\w@pgf@writea=\write3
\r@pgf@reada=\read2
\c@pgf@counta=\count338
\c@pgf@countb=\count339
\c@pgf@countc=\count340
\c@pgf@countd=\count341
\t@pgf@toka=\toks42
\t@pgf@tokb=\toks43
\t@pgf@tokc=\toks44
\pgf@sys@id@count=\count342
(c:/Users/cm1dog/AppData/Roaming/TinyTeX/texmf-dist/tex/generic/pgf/systemlayer/pgf.cfg
File: pgf.cfg 2025-08-29 v3.1.11a (3.1.11a)
)
Driver file for pgf: pgfsys-pdftex.def
(c:/Users/cm1dog/AppData/Roaming/TinyTeX/texmf-dist/tex/generic/pgf/systemlayer/pgfsys-pdftex.def
File: pgfsys-pdftex.def 2025-08-29 v3.1.11a (3.1.11a)
(c:/Users/cm1dog/AppData/Roaming/TinyTeX/texmf-dist/tex/generic/pgf/systemlayer/pgfsys-common-pdf.def
File: pgfsys-common-pdf.def 2025-08-29 v3.1.11a (3.1.11a)
))) (c:/Users/cm1dog/AppData/Roaming/TinyTeX/texmf-dist/tex/generic/pgf/systemlayer/pgfsyssoftpath.code.tex
File: pgfsyssoftpath.code.tex 2025-08-29 v3.1.11a (3.1.11a)
\pgfsyssoftpath@smallbuffer@items=\count343
\pgfsyssoftpath@bigbuffer@items=\count344
) (c:/Users/cm1dog/AppData/Roaming/TinyTeX/texmf-dist/tex/generic/pgf/systemlayer/pgfsysprotocol.code.tex
File: pgfsysprotocol.code.tex 2025-08-29 v3.1.11a (3.1.11a)
)) (c:/Users/cm1dog/AppData/Roaming/TinyTeX/texmf-dist/tex/generic/pgf/basiclayer/pgfcore.code.tex
Package: pgfcore 2025-08-29 v3.1.11a (3.1.11a)
(c:/Users/cm1dog/AppData/Roaming/TinyTeX/texmf-dist/tex/generic/pgf/math/pgfmath.code.tex (c:/Users/cm1dog/AppData/Roaming/TinyTeX/texmf-dist/tex/generic/pgf/math/pgfmathutil.code.tex) (c:/Users/cm1dog/AppData/Roaming/TinyTeX/texmf-dist/tex/generic/pgf/math/pgfmathparser.code.tex
\pgfmath@dimen=\dimen288
\pgfmath@count=\count345
\pgfmath@box=\box80
\pgfmath@toks=\toks45
\pgfmath@stack@operand=\toks46
\pgfmath@stack@operation=\toks47
) (c:/Users/cm1dog/AppData/Roaming/TinyTeX/texmf-dist/tex/generic/pgf/math/pgfmathfunctions.code.tex) (c:/Users/cm1dog/AppData/Roaming/TinyTeX/texmf-dist/tex/generic/pgf/math/pgfmathfunctions.basic.code.tex) (c:/Users/cm1dog/AppData/Roaming/TinyTeX/texmf-dist/tex/generic/pgf/math/pgfmathfunctions.trigonometric.code.tex) (c:/Users/cm1dog/AppData/Roaming/TinyTeX/texmf-dist/tex/generic/pgf/math/pgfmathfunctions.random.code.tex) (c:/Users/cm1dog/AppData/Roaming/TinyTeX/texmf-dist/tex/generic/pgf/math/pgfmathfunctions.comparison.code.tex) (c:/Users/cm1dog/AppData/Roaming/TinyTeX/texmf-dist/tex/generic/pgf/math/pgfmathfunctions.base.code.tex) (c:/Users/cm1dog/AppData/Roaming/TinyTeX/texmf-dist/tex/generic/pgf/math/pgfmathfunctions.round.code.tex) (c:/Users/cm1dog/AppData/Roaming/TinyTeX/texmf-dist/tex/generic/pgf/math/pgfmathfunctions.misc.code.tex) (c:/Users/cm1dog/AppData/Roaming/TinyTeX/texmf-dist/tex/generic/pgf/math/pgfmathfunctions.integerarithmetics.code.tex) (c:/Users/cm1dog/AppData/Roaming/TinyTeX/texmf-dist/tex/generic/pgf/math/pgfmathcalc.code.tex) (c:/Users/cm1dog/AppData/Roaming/TinyTeX/texmf-dist/tex/generic/pgf/math/pgfmathfloat.code.tex
\c@pgfmathroundto@lastzeros=\count346
)) (c:/Users/cm1dog/AppData/Roaming/TinyTeX/texmf-dist/tex/generic/pgf/math/pgfint.code.tex) (c:/Users/cm1dog/AppData/Roaming/TinyTeX/texmf-dist/tex/generic/pgf/basiclayer/pgfcorepoints.code.tex
File: pgfcorepoints.code.tex 2025-08-29 v3.1.11a (3.1.11a)
\pgf@picminx=\dimen289
\pgf@picmaxx=\dimen290
\pgf@picminy=\dimen291
\pgf@picmaxy=\dimen292
\pgf@pathminx=\dimen293
\pgf@pathmaxx=\dimen294
\pgf@pathminy=\dimen295
\pgf@pathmaxy=\dimen296
\pgf@xx=\dimen297
\pgf@xy=\dimen298
\pgf@yx=\dimen299
\pgf@yy=\dimen300
\pgf@zx=\dimen301
\pgf@zy=\dimen302
) (c:/Users/cm1dog/AppData/Roaming/TinyTeX/texmf-dist/tex/generic/pgf/basiclayer/pgfcorepathconstruct.code.tex
File: pgfcorepathconstruct.code.tex 2025-08-29 v3.1.11a (3.1.11a)
\pgf@path@lastx=\dimen303
\pgf@path@lasty=\dimen304
) (c:/Users/cm1dog/AppData/Roaming/TinyTeX/texmf-dist/tex/generic/pgf/basiclayer/pgfcorepathusage.code.tex
File: pgfcorepathusage.code.tex 2025-08-29 v3.1.11a (3.1.11a)
\pgf@shorten@end@additional=\dimen305
\pgf@shorten@start@additional=\dimen306
) (c:/Users/cm1dog/AppData/Roaming/TinyTeX/texmf-dist/tex/generic/pgf/basiclayer/pgfcorescopes.code.tex
File: pgfcorescopes.code.tex 2025-08-29 v3.1.11a (3.1.11a)
\pgfpic=\box81
\pgf@hbox=\box82
\pgf@layerbox@main=\box83
\pgf@picture@serial@count=\count347
) (c:/Users/cm1dog/AppData/Roaming/TinyTeX/texmf-dist/tex/generic/pgf/basiclayer/pgfcoregraphicstate.code.tex
File: pgfcoregraphicstate.code.tex 2025-08-29 v3.1.11a (3.1.11a)
\pgflinewidth=\dimen307
) (c:/Users/cm1dog/AppData/Roaming/TinyTeX/texmf-dist/tex/generic/pgf/basiclayer/pgfcoretransformations.code.tex
File: pgfcoretransformations.code.tex 2025-08-29 v3.1.11a (3.1.11a)
\pgf@pt@x=\dimen308
\pgf@pt@y=\dimen309
\pgf@pt@temp=\dimen310
) (c:/Users/cm1dog/AppData/Roaming/TinyTeX/texmf-dist/tex/generic/pgf/basiclayer/pgfcorequick.code.tex
File: pgfcorequick.code.tex 2025-08-29 v3.1.11a (3.1.11a)
) (c:/Users/cm1dog/AppData/Roaming/TinyTeX/texmf-dist/tex/generic/pgf/basiclayer/pgfcoreobjects.code.tex
File: pgfcoreobjects.code.tex 2025-08-29 v3.1.11a (3.1.11a)
) (c:/Users/cm1dog/AppData/Roaming/TinyTeX/texmf-dist/tex/generic/pgf/basiclayer/pgfcorepathprocessing.code.tex
File: pgfcorepathprocessing.code.tex 2025-08-29 v3.1.11a (3.1.11a)
) (c:/Users/cm1dog/AppData/Roaming/TinyTeX/texmf-dist/tex/generic/pgf/basiclayer/pgfcorearrows.code.tex
File: pgfcorearrows.code.tex 2025-08-29 v3.1.11a (3.1.11a)
\pgfarrowsep=\dimen311
) (c:/Users/cm1dog/AppData/Roaming/TinyTeX/texmf-dist/tex/generic/pgf/basiclayer/pgfcoreshade.code.tex
File: pgfcoreshade.code.tex 2025-08-29 v3.1.11a (3.1.11a)
\pgf@max=\dimen312
\pgf@sys@shading@range@num=\count348
\pgf@shadingcount=\count349
) (c:/Users/cm1dog/AppData/Roaming/TinyTeX/texmf-dist/tex/generic/pgf/basiclayer/pgfcoreimage.code.tex
File: pgfcoreimage.code.tex 2025-08-29 v3.1.11a (3.1.11a)
) (c:/Users/cm1dog/AppData/Roaming/TinyTeX/texmf-dist/tex/generic/pgf/basiclayer/pgfcoreexternal.code.tex
File: pgfcoreexternal.code.tex 2025-08-29 v3.1.11a (3.1.11a)
\pgfexternal@startupbox=\box84
) (c:/Users/cm1dog/AppData/Roaming/TinyTeX/texmf-dist/tex/generic/pgf/basiclayer/pgfcorelayers.code.tex
File: pgfcorelayers.code.tex 2025-08-29 v3.1.11a (3.1.11a)
) (c:/Users/cm1dog/AppData/Roaming/TinyTeX/texmf-dist/tex/generic/pgf/basiclayer/pgfcoretransparency.code.tex
File: pgfcoretransparency.code.tex 2025-08-29 v3.1.11a (3.1.11a)
) (c:/Users/cm1dog/AppData/Roaming/TinyTeX/texmf-dist/tex/generic/pgf/basiclayer/pgfcorepatterns.code.tex
File: pgfcorepatterns.code.tex 2025-08-29 v3.1.11a (3.1.11a)
) (c:/Users/cm1dog/AppData/Roaming/TinyTeX/texmf-dist/tex/generic/pgf/basiclayer/pgfcorerdf.code.tex
File: pgfcorerdf.code.tex 2025-08-29 v3.1.11a (3.1.11a)
))) (c:/Users/cm1dog/AppData/Roaming/TinyTeX/texmf-dist/tex/generic/pgf/modules/pgfmoduleshapes.code.tex
File: pgfmoduleshapes.code.tex 2025-08-29 v3.1.11a (3.1.11a)
\pgfnodeparttextbox=\box85
) (c:/Users/cm1dog/AppData/Roaming/TinyTeX/texmf-dist/tex/generic/pgf/modules/pgfmoduleplot.code.tex
File: pgfmoduleplot.code.tex 2025-08-29 v3.1.11a (3.1.11a)
) (c:/Users/cm1dog/AppData/Roaming/TinyTeX/texmf-dist/tex/latex/pgf/compatibility/pgfcomp-version-0-65.sty
Package: pgfcomp-version-0-65 2025-08-29 v3.1.11a (3.1.11a)
\pgf@nodesepstart=\dimen313
\pgf@nodesepend=\dimen314
) (c:/Users/cm1dog/AppData/Roaming/TinyTeX/texmf-dist/tex/latex/pgf/compatibility/pgfcomp-version-1-18.sty
Package: pgfcomp-version-1-18 2025-08-29 v3.1.11a (3.1.11a)
)) (c:/Users/cm1dog/AppData/Roaming/TinyTeX/texmf-dist/tex/latex/pgf/utilities/pgffor.sty (c:/Users/cm1dog/AppData/Roaming/TinyTeX/texmf-dist/tex/latex/pgf/utilities/pgfkeys.sty (c:/Users/cm1dog/AppData/Roaming/TinyTeX/texmf-dist/tex/generic/pgf/utilities/pgfkeys.code.tex)) (c:/Users/cm1dog/AppData/Roaming/TinyTeX/texmf-dist/tex/latex/pgf/math/pgfmath.sty (c:/Users/cm1dog/AppData/Roaming/TinyTeX/texmf-dist/tex/generic/pgf/math/pgfmath.code.tex)) (c:/Users/cm1dog/AppData/Roaming/TinyTeX/texmf-dist/tex/generic/pgf/utilities/pgffor.code.tex
Package: pgffor 2025-08-29 v3.1.11a (3.1.11a)
\pgffor@iter=\dimen315
\pgffor@skip=\dimen316
\pgffor@stack=\toks48
\pgffor@toks=\toks49
)) (c:/Users/cm1dog/AppData/Roaming/TinyTeX/texmf-dist/tex/generic/pgf/frontendlayer/tikz/tikz.code.tex
Package: tikz 2025-08-29 v3.1.11a (3.1.11a)
(c:/Users/cm1dog/AppData/Roaming/TinyTeX/texmf-dist/tex/generic/pgf/libraries/pgflibraryplothandlers.code.tex
File: pgflibraryplothandlers.code.tex 2025-08-29 v3.1.11a (3.1.11a)
\pgf@plot@mark@count=\count350
\pgfplotmarksize=\dimen317
)
\tikz@lastx=\dimen318
\tikz@lasty=\dimen319
\tikz@lastxsaved=\dimen320
\tikz@lastysaved=\dimen321
\tikz@lastmovetox=\dimen322
\tikz@lastmovetoy=\dimen323
\tikzleveldistance=\dimen324
\tikzsiblingdistance=\dimen325
\tikz@figbox=\box86
\tikz@figbox@bg=\box87
\tikz@tempbox=\box88
\tikz@tempbox@bg=\box89
\tikztreelevel=\count351
\tikznumberofchildren=\count352
\tikznumberofcurrentchild=\count353
\tikz@fig@count=\count354
(c:/Users/cm1dog/AppData/Roaming/TinyTeX/texmf-dist/tex/generic/pgf/modules/pgfmodulematrix.code.tex
File: pgfmodulematrix.code.tex 2025-08-29 v3.1.11a (3.1.11a)
\pgfmatrixcurrentrow=\count355
\pgfmatrixcurrentcolumn=\count356
\pgf@matrix@numberofcolumns=\count357
)
\tikz@expandcount=\count358
(c:/Users/cm1dog/AppData/Roaming/TinyTeX/texmf-dist/tex/generic/pgf/frontendlayer/tikz/libraries/tikzlibrarytopaths.code.tex
File: tikzlibrarytopaths.code.tex 2025-08-29 v3.1.11a (3.1.11a)
))) (c:/Users/cm1dog/AppData/Roaming/TinyTeX/texmf-dist/tex/latex/tools/verbatim.sty
Package: verbatim 2024-01-22 v1.5x LaTeX2e package for verbatim enhancements
\every@verbatim=\toks50
\verbatim@line=\toks51
\verbatim@in@stream=\read3
)
\tcb@titlebox=\box90
\tcb@upperbox=\box91
\tcb@lowerbox=\box92
\tcb@phantombox=\box93
\c@tcbbreakpart=\count359
\c@tcblayer=\count360
\c@tcolorbox@number=\count361
\l__tcobox_tmpa_box=\box94
\l__tcobox_tmpa_dim=\dimen326
\tcb@temp=\box95
\tcb@temp=\box96
\tcb@temp=\box97
\tcb@temp=\box98
) (c:/Users/cm1dog/AppData/Roaming/TinyTeX/texmf-dist/tex/latex/hyperref/hyperref.sty
Package: hyperref 2026-06-17 v7.01r Hypertext links for LaTeX
(c:/Users/cm1dog/AppData/Roaming/TinyTeX/texmf-dist/tex/generic/kvdefinekeys/kvdefinekeys.sty
Package: kvdefinekeys 2019-12-19 v1.6 Define keys (HO)
) (c:/Users/cm1dog/AppData/Roaming/TinyTeX/texmf-dist/tex/generic/pdfescape/pdfescape.sty
Package: pdfescape 2019/12/09 v1.15 Implements pdfTeX's escape features (HO)
(c:/Users/cm1dog/AppData/Roaming/TinyTeX/texmf-dist/tex/generic/pdftexcmds/pdftexcmds.sty
Package: pdftexcmds 2020-06-27 v0.33 Utility functions of pdfTeX for LuaTeX (HO)
(c:/Users/cm1dog/AppData/Roaming/TinyTeX/texmf-dist/tex/generic/infwarerr/infwarerr.sty
Package: infwarerr 2019/12/03 v1.5 Providing info/warning/error messages (HO)
)
Package pdftexcmds Info: \pdf@primitive is available.
Package pdftexcmds Info: \pdf@ifprimitive is available.
Package pdftexcmds Info: \pdfdraftmode found.
)) (c:/Users/cm1dog/AppData/Roaming/TinyTeX/texmf-dist/tex/latex/hycolor/hycolor.sty
Package: hycolor 2020-01-27 v1.10 Color options for hyperref/bookmark (HO)
) (c:/Users/cm1dog/AppData/Roaming/TinyTeX/texmf-dist/tex/latex/hyperref/nameref.sty
Package: nameref 2026-01-29 v2.58 Cross-referencing by name of section
(c:/Users/cm1dog/AppData/Roaming/TinyTeX/texmf-dist/tex/latex/refcount/refcount.sty
Package: refcount 2019/12/15 v3.6 Data extraction from label references (HO)
) (c:/Users/cm1dog/AppData/Roaming/TinyTeX/texmf-dist/tex/generic/gettitlestring/gettitlestring.sty
Package: gettitlestring 2019/12/15 v1.6 Cleanup title references (HO)
)
\c@section@level=\count362
) (c:/Users/cm1dog/AppData/Roaming/TinyTeX/texmf-dist/tex/generic/stringenc/stringenc.sty
Package: stringenc 2019/11/29 v1.12 Convert strings between diff. encodings (HO)
)
\@linkdim=\dimen327
\Hy@linkcounter=\count363
\Hy@pagecounter=\count364
(c:/Users/cm1dog/AppData/Roaming/TinyTeX/texmf-dist/tex/latex/hyperref/pd1enc.def
File: pd1enc.def 2026-06-17 v7.01r Hyperref: PDFDocEncoding definition (HO)
Now handling font encoding PD1 ...
... no UTF-8 mapping file for font encoding PD1
) (c:/Users/cm1dog/AppData/Roaming/TinyTeX/texmf-dist/tex/generic/intcalc/intcalc.sty
Package: intcalc 2019/12/15 v1.3 Expandable calculations with integers (HO)
)
\Hy@SavedSpaceFactor=\count365
(c:/Users/cm1dog/AppData/Roaming/TinyTeX/texmf-dist/tex/latex/hyperref/puenc.def
File: puenc.def 2026-06-17 v7.01r Hyperref: PDF Unicode definition (HO)
Now handling font encoding PU ...
... no UTF-8 mapping file for font encoding PU
)
Package hyperref Info: Option `unicode' set `true' on input line 4070.
Package hyperref Info: Hyper figures OFF on input line 4199.
Package hyperref Info: Link nesting OFF on input line 4204.
Package hyperref Info: Hyper index ON on input line 4207.
Package hyperref Info: Plain pages OFF on input line 4214.
Package hyperref Info: Backreferencing OFF on input line 4219.
Package hyperref Info: Implicit mode ON; LaTeX internals redefined.
Package hyperref Info: Bookmarks ON on input line 4466.
\c@Hy@tempcnt=\count366
(c:/Users/cm1dog/AppData/Roaming/TinyTeX/texmf-dist/tex/latex/url/url.sty
\Urlmuskip=\muskip18
Package: url 2013/09/16  ver 3.4  Verb mode for urls, etc.
)
LaTeX Info: Redefining \url on input line 4805.
\XeTeXLinkMargin=\dimen328
(c:/Users/cm1dog/AppData/Roaming/TinyTeX/texmf-dist/tex/generic/bitset/bitset.sty
Package: bitset 2019/12/09 v1.3 Handle bit-vector datatype (HO)
(c:/Users/cm1dog/AppData/Roaming/TinyTeX/texmf-dist/tex/generic/bigintcalc/bigintcalc.sty
Package: bigintcalc 2019/12/15 v1.5 Expandable calculations on big integers (HO)
))
\Fld@menulength=\count367
\Field@Width=\dimen329
\Fld@charsize=\dimen330
Package hyperref Info: Hyper figures OFF on input line 6091.
Package hyperref Info: Link nesting OFF on input line 6096.
Package hyperref Info: Hyper index ON on input line 6099.
Package hyperref Info: backreferencing OFF on input line 6106.
Package hyperref Info: Link coloring OFF on input line 6111.
Package hyperref Info: Link coloring with OCG OFF on input line 6116.
Package hyperref Info: PDF/A mode OFF on input line 6121.
\Hy@abspage=\count368
\c@Item=\count369
\c@Hfootnote=\count370
)
Package hyperref Info: Driver (autodetected): hpdftex.
(c:/Users/cm1dog/AppData/Roaming/TinyTeX/texmf-dist/tex/latex/hyperref/hpdftex.def
File: hpdftex.def 2026-06-17 v7.01r Hyperref driver for pdfTeX
\Fld@listcount=\count371
\c@bookmark@seq@number=\count372
(c:/Users/cm1dog/AppData/Roaming/TinyTeX/texmf-dist/tex/latex/rerunfilecheck/rerunfilecheck.sty
Package: rerunfilecheck 2025-06-21 v1.11 Rerun checks for auxiliary files (HO)
(c:/Users/cm1dog/AppData/Roaming/TinyTeX/texmf-dist/tex/generic/uniquecounter/uniquecounter.sty
Package: uniquecounter 2019/12/15 v1.4 Provide unlimited unique counter (HO)
)
Package uniquecounter Info: New unique counter `rerunfilecheck' on input line 284.
)
\Hy@SectionHShift=\skip75
) (c:/Users/cm1dog/AppData/Roaming/TinyTeX/texmf-dist/tex/latex/bookmark/bookmark.sty
Package: bookmark 2026-05-21 v1.32 PDF bookmarks (HO)
(c:/Users/cm1dog/AppData/Roaming/TinyTeX/texmf-dist/tex/latex/l3backend/l3backend-pdftex.def
File: l3backend-pdftex.def 2026-02-18 L3 backend support: PDF output (pdfTeX)
\l__color_backend_stack_int=\count373
) (c:/Users/cm1dog/AppData/Roaming/TinyTeX/texmf-dist/tex/latex/bookmark/bkm-pdftex.def
File: bkm-pdftex.def 2026-05-21 v1.32 bookmark driver for pdfTeX (HO)
\BKM@id=\count374
))
Package hyperref Info: Option `colorlinks' set `true' on input line 157.
LaTeX Font Info:    Trying to load font information for T1+lmr on input line 170.
(c:/Users/cm1dog/AppData/Roaming/TinyTeX/texmf-dist/tex/latex/lm/t1lmr.fd
File: t1lmr.fd 2015/05/01 v1.6.1 Font defs for Latin Modern
) (./Alcohol-attributable_diseases_and_dose-response_curves.aux

LaTeX Warning: Label `tab:alcdislist' multiply defined.


LaTeX Warning: Label `tab:alcdislist' multiply defined.

)
\openout1 = `Alcohol-attributable_diseases_and_dose-response_curves.aux'.

LaTeX Font Info:    Checking defaults for OML/cmm/m/it on input line 170.
LaTeX Font Info:    ... okay on input line 170.
LaTeX Font Info:    Checking defaults for OMS/cmsy/m/n on input line 170.
LaTeX Font Info:    ... okay on input line 170.
LaTeX Font Info:    Checking defaults for OT1/cmr/m/n on input line 170.
LaTeX Font Info:    ... okay on input line 170.
LaTeX Font Info:    Checking defaults for T1/cmr/m/n on input line 170.
LaTeX Font Info:    ... okay on input line 170.
LaTeX Font Info:    Checking defaults for TS1/cmr/m/n on input line 170.
LaTeX Font Info:    ... okay on input line 170.
LaTeX Font Info:    Checking defaults for OMX/cmex/m/n on input line 170.
LaTeX Font Info:    ... okay on input line 170.
LaTeX Font Info:    Checking defaults for U/cmr/m/n on input line 170.
LaTeX Font Info:    ... okay on input line 170.
LaTeX Font Info:    Checking defaults for PD1/pdf/m/n on input line 170.
LaTeX Font Info:    ... okay on input line 170.
LaTeX Font Info:    Checking defaults for PU/pdf/m/n on input line 170.
LaTeX Font Info:    ... okay on input line 170.
(c:/Users/cm1dog/AppData/Roaming/TinyTeX/texmf-dist/tex/latex/epstopdf-pkg/epstopdf-base.sty
Package: epstopdf-base 2020-01-24 v2.11 Base part for package epstopdf
Package epstopdf-base Info: Redefining graphics rule for `.eps' on input line 485.
(c:/Users/cm1dog/AppData/Roaming/TinyTeX/texmf-dist/tex/latex/latexconfig/epstopdf-sys.cfg
File: epstopdf-sys.cfg 2010/07/13 v1.3 Configuration of (r)epstopdf for TeX Live
))
*geometry* driver: auto-detecting
*geometry* detected driver: pdftex
*geometry* verbose mode - [ preamble ] result:
* driver: pdftex
* paper: <default>
* layout: <same size as paper>
* layoutoffset:(h,v)=(0.0pt,0.0pt)
* modes: 
* h-part:(L,W,R)=(72.26999pt, 469.75502pt, 72.26999pt)
* v-part:(T,H,B)=(72.26999pt, 650.43001pt, 72.26999pt)
* \paperwidth=614.295pt
* \paperheight=794.96999pt
* \textwidth=469.75502pt
* \textheight=650.43001pt
* \oddsidemargin=0.0pt
* \evensidemargin=0.0pt
* \topmargin=-37.0pt
* \headheight=12.0pt
* \headsep=25.0pt
* \topskip=10.0pt
* \footskip=30.0pt
* \marginparwidth=65.0pt
* \marginparsep=11.0pt
* \columnsep=10.0pt
* \skip\footins=9.0pt plus 4.0pt minus 2.0pt
* \hoffset=0.0pt
* \voffset=0.0pt
* \mag=1000
* \@twocolumnfalse
* \@twosidefalse
* \@mparswitchfalse
* \@reversemarginfalse
* (1in=72.27pt=25.4mm, 1cm=28.453pt)

Package microtype Info: Patching varwidth to enable character protrusion.
\MT@vwid@leftmargin=\dimen331
\MT@vwid@rightmargin=\dimen332
LaTeX Info: Redefining \microtypecontext on input line 170.
Package microtype Info: Applying patch `item' on input line 170.
Package microtype Info: Applying patch `toc' on input line 170.
Package microtype Info: Applying patch `eqnum' on input line 170.
Package microtype Info: Applying patch `footnote' on input line 170.
Package microtype Info: Applying patch `verbatim' on input line 170.
LaTeX Info: Redefining \microtypesetup on input line 170.
Package microtype Info: Generating PDF output.
Package microtype Info: Character protrusion enabled (level 2).
Package microtype Info: Using protrusion set `basicmath'.
Package microtype Info: Automatic font expansion enabled (level 2),
(microtype)             stretch: 20, shrink: 20, step: 1, non-selected.
Package microtype Info: Using default expansion set `alltext-nott'.
Package microtype Info: Patching command `\showhyphens'.
Package microtype Info: No adjustment of tracking.
Package microtype Info: No adjustment of interword spacing.
Package microtype Info: No adjustment of character kerning.
(c:/Users/cm1dog/AppData/Roaming/TinyTeX/texmf-dist/tex/latex/microtype/mt-cmr.cfg
File: mt-cmr.cfg 2013/05/19 v2.2 microtype config. file: Computer Modern Roman (RS)
)
\c@lstlisting=\count375
Package caption Info: Begin \AtBeginDocument code.
Package caption Info: float package is loaded.
Package caption Info: hyperref package is loaded.
Package caption Info: threeparttable package is loaded.
Package caption Info: wrapfig package is loaded.
Package caption Info: End \AtBeginDocument code.
Package hyperref Info: Link coloring ON on input line 170.
<inst/LOGO_SCHARR.png, id=7, 455.0601pt x 66.2475pt>
File: inst/LOGO_SCHARR.png Graphic file (type png)
<use inst/LOGO_SCHARR.png>
Package pdftex.def Info: inst/LOGO_SCHARR.png  used on input line 172.
(pdftex.def)             Requested size: 433.64478pt x 289.20432pt.
LaTeX Font Info:    Trying to load font information for OT1+lmr on input line 173.
(c:/Users/cm1dog/AppData/Roaming/TinyTeX/texmf-dist/tex/latex/lm/ot1lmr.fd
File: ot1lmr.fd 2015/05/01 v1.6.1 Font defs for Latin Modern
)
LaTeX Font Info:    Trying to load font information for OML+lmm on input line 173.
(c:/Users/cm1dog/AppData/Roaming/TinyTeX/texmf-dist/tex/latex/lm/omllmm.fd
File: omllmm.fd 2015/05/01 v1.6.1 Font defs for Latin Modern
)
LaTeX Font Info:    Trying to load font information for OMS+lmsy on input line 173.
(c:/Users/cm1dog/AppData/Roaming/TinyTeX/texmf-dist/tex/latex/lm/omslmsy.fd
File: omslmsy.fd 2015/05/01 v1.6.1 Font defs for Latin Modern
)
LaTeX Font Info:    Trying to load font information for OMX+lmex on input line 173.
(c:/Users/cm1dog/AppData/Roaming/TinyTeX/texmf-dist/tex/latex/lm/omxlmex.fd
File: omxlmex.fd 2015/05/01 v1.6.1 Font defs for Latin Modern
)
LaTeX Font Info:    External font `lmex10' loaded for size
(Font)              <10> on input line 173.
LaTeX Font Info:    External font `lmex10' loaded for size
(Font)              <7> on input line 173.
LaTeX Font Info:    External font `lmex10' loaded for size
(Font)              <5> on input line 173.
LaTeX Font Info:    Trying to load font information for U+msa on input line 173.
(c:/Users/cm1dog/AppData/Roaming/TinyTeX/texmf-dist/tex/latex/amsfonts/umsa.fd
File: umsa.fd 2013/01/14 v3.01 AMS symbols A
) (c:/Users/cm1dog/AppData/Roaming/TinyTeX/texmf-dist/tex/latex/microtype/mt-msa.cfg
File: mt-msa.cfg 2006/02/04 v1.1 microtype config. file: AMS symbols (a) (RS)
)
LaTeX Font Info:    Trying to load font information for U+msb on input line 173.
(c:/Users/cm1dog/AppData/Roaming/TinyTeX/texmf-dist/tex/latex/amsfonts/umsb.fd
File: umsb.fd 2013/01/14 v3.01 AMS symbols B
) (c:/Users/cm1dog/AppData/Roaming/TinyTeX/texmf-dist/tex/latex/microtype/mt-msb.cfg
File: mt-msb.cfg 2005/06/01 v1.0 microtype config. file: AMS symbols (b) (RS)
) [1

{c:/Users/cm1dog/AppData/Roaming/TinyTeX/texmf-var/fonts/map/pdftex/updmap/pdftex.map}{c:/Users/cm1dog/AppData/Roaming/TinyTeX/texmf-dist/fonts/enc/dvips/lm/lm-ec.enc} <./inst/LOGO_SCHARR.png>] [2] (./Alcohol-attributable_diseases_and_dose-response_curves.toc)
\tf@toc=\write4
\openout4 = `Alcohol-attributable_diseases_and_dose-response_curves.toc'.

[3]
Overfull \hbox (5.03629pt too wide) in alignment at lines 219--224
 [] [] [] [] 
 []


Overfull \hbox (5.03629pt too wide) in alignment at lines 224--229
 [] [] [] [] 
 []


Overfull \hbox (5.03629pt too wide) in alignment at lines 229--231
 [] [] [] [] 
 []

LaTeX Font Info:    External font `lmex10' loaded for size
(Font)              <8> on input line 233.
LaTeX Font Info:    External font `lmex10' loaded for size
(Font)              <6> on input line 233.

Overfull \hbox (5.03629pt too wide) in alignment at lines 231--234
 [] [] [] [] 
 []


Overfull \hbox (5.03629pt too wide) in alignment at lines 234--324
 [] [] [] [] 
 []

[4]
<Alcohol-attributable_diseases_and_dose-response_curves_files/figure-latex/oropharyngealcurve-1.pdf, id=121, 361.35pt x 216.81pt>
File: Alcohol-attributable_diseases_and_dose-response_curves_files/figure-latex/oropharyngealcurve-1.pdf Graphic file (type pdf)
<use Alcohol-attributable_diseases_and_dose-response_curves_files/figure-latex/oropharyngealcurve-1.pdf>
Package pdftex.def Info: Alcohol-attributable_diseases_and_dose-response_curves_files/figure-latex/oropharyngealcurve-1.pdf  used on input line 342.
(pdftex.def)             Requested size: 361.34912pt x 216.80946pt.
[5{c:/Users/cm1dog/AppData/Roaming/TinyTeX/texmf-dist/fonts/enc/dvips/lm/lm-mathit.enc}{c:/Users/cm1dog/AppData/Roaming/TinyTeX/texmf-dist/fonts/enc/dvips/lm/lm-rm.enc}{c:/Users/cm1dog/AppData/Roaming/TinyTeX/texmf-dist/fonts/enc/dvips/lm/lm-mathsy.enc}]
<Alcohol-attributable_diseases_and_dose-response_curves_files/figure-latex/oesophagealcurve-1.pdf, id=134, 361.35pt x 216.81pt>
File: Alcohol-attributable_diseases_and_dose-response_curves_files/figure-latex/oesophagealcurve-1.pdf Graphic file (type pdf)
<use Alcohol-attributable_diseases_and_dose-response_curves_files/figure-latex/oesophagealcurve-1.pdf>
Package pdftex.def Info: Alcohol-attributable_diseases_and_dose-response_curves_files/figure-latex/oesophagealcurve-1.pdf  used on input line 359.
(pdftex.def)             Requested size: 361.34912pt x 216.80946pt.
[6 <./Alcohol-attributable_diseases_and_dose-response_curves_files/figure-latex/oropharyngealcurve-1.pdf> <./Alcohol-attributable_diseases_and_dose-response_curves_files/figure-latex/oesophagealcurve-1.pdf>]
<Alcohol-attributable_diseases_and_dose-response_curves_files/figure-latex/colorectalcurve-1.pdf, id=157, 361.35pt x 216.81pt>
File: Alcohol-attributable_diseases_and_dose-response_curves_files/figure-latex/colorectalcurve-1.pdf Graphic file (type pdf)
<use Alcohol-attributable_diseases_and_dose-response_curves_files/figure-latex/colorectalcurve-1.pdf>
Package pdftex.def Info: Alcohol-attributable_diseases_and_dose-response_curves_files/figure-latex/colorectalcurve-1.pdf  used on input line 378.
(pdftex.def)             Requested size: 361.34912pt x 216.80946pt.
<Alcohol-attributable_diseases_and_dose-response_curves_files/figure-latex/livercurve-1.pdf, id=158, 361.35pt x 216.81pt>
File: Alcohol-attributable_diseases_and_dose-response_curves_files/figure-latex/livercurve-1.pdf Graphic file (type pdf)
<use Alcohol-attributable_diseases_and_dose-response_curves_files/figure-latex/livercurve-1.pdf>
Package pdftex.def Info: Alcohol-attributable_diseases_and_dose-response_curves_files/figure-latex/livercurve-1.pdf  used on input line 399.
(pdftex.def)             Requested size: 361.34912pt x 216.80946pt.
[7 <./Alcohol-attributable_diseases_and_dose-response_curves_files/figure-latex/colorectalcurve-1.pdf>]
<Alcohol-attributable_diseases_and_dose-response_curves_files/figure-latex/pancreascurve-1.pdf, id=180, 361.35pt x 216.81pt>
File: Alcohol-attributable_diseases_and_dose-response_curves_files/figure-latex/pancreascurve-1.pdf Graphic file (type pdf)
<use Alcohol-attributable_diseases_and_dose-response_curves_files/figure-latex/pancreascurve-1.pdf>
Package pdftex.def Info: Alcohol-attributable_diseases_and_dose-response_curves_files/figure-latex/pancreascurve-1.pdf  used on input line 418.
(pdftex.def)             Requested size: 361.34912pt x 216.80946pt.
[8 <./Alcohol-attributable_diseases_and_dose-response_curves_files/figure-latex/livercurve-1.pdf> <./Alcohol-attributable_diseases_and_dose-response_curves_files/figure-latex/pancreascurve-1.pdf>]
<Alcohol-attributable_diseases_and_dose-response_curves_files/figure-latex/larynxcurve-1.pdf, id=202, 361.35pt x 216.81pt>
File: Alcohol-attributable_diseases_and_dose-response_curves_files/figure-latex/larynxcurve-1.pdf Graphic file (type pdf)
<use Alcohol-attributable_diseases_and_dose-response_curves_files/figure-latex/larynxcurve-1.pdf>
Package pdftex.def Info: Alcohol-attributable_diseases_and_dose-response_curves_files/figure-latex/larynxcurve-1.pdf  used on input line 435.
(pdftex.def)             Requested size: 361.34912pt x 216.80946pt.
<Alcohol-attributable_diseases_and_dose-response_curves_files/figure-latex/breastcurve-1.pdf, id=204, 361.35pt x 216.81pt>
File: Alcohol-attributable_diseases_and_dose-response_curves_files/figure-latex/breastcurve-1.pdf Graphic file (type pdf)
<use Alcohol-attributable_diseases_and_dose-response_curves_files/figure-latex/breastcurve-1.pdf>
Package pdftex.def Info: Alcohol-attributable_diseases_and_dose-response_curves_files/figure-latex/breastcurve-1.pdf  used on input line 452.
(pdftex.def)             Requested size: 361.34912pt x 216.80946pt.
[9 <./Alcohol-attributable_diseases_and_dose-response_curves_files/figure-latex/larynxcurve-1.pdf> <./Alcohol-attributable_diseases_and_dose-response_curves_files/figure-latex/breastcurve-1.pdf>]
<Alcohol-attributable_diseases_and_dose-response_curves_files/figure-latex/hypertensivecurve-1.pdf, id=224, 361.35pt x 216.81pt>
File: Alcohol-attributable_diseases_and_dose-response_curves_files/figure-latex/hypertensivecurve-1.pdf Graphic file (type pdf)
<use Alcohol-attributable_diseases_and_dose-response_curves_files/figure-latex/hypertensivecurve-1.pdf>
Package pdftex.def Info: Alcohol-attributable_diseases_and_dose-response_curves_files/figure-latex/hypertensivecurve-1.pdf  used on input line 507.
(pdftex.def)             Requested size: 361.34912pt x 216.80946pt.
[10{c:/Users/cm1dog/AppData/Roaming/TinyTeX/texmf-dist/fonts/enc/dvips/lm/lm-mathex.enc} <./Alcohol-attributable_diseases_and_dose-response_curves_files/figure-latex/hypertensivecurve-1.pdf>]
<Alcohol-attributable_diseases_and_dose-response_curves_files/figure-latex/ihdmort-1.pdf, id=247, 361.35pt x 216.81pt>
File: Alcohol-attributable_diseases_and_dose-response_curves_files/figure-latex/ihdmort-1.pdf Graphic file (type pdf)
<use Alcohol-attributable_diseases_and_dose-response_curves_files/figure-latex/ihdmort-1.pdf>
Package pdftex.def Info: Alcohol-attributable_diseases_and_dose-response_curves_files/figure-latex/ihdmort-1.pdf  used on input line 633.
(pdftex.def)             Requested size: 361.34912pt x 216.80946pt.
<Alcohol-attributable_diseases_and_dose-response_curves_files/figure-latex/ihdmorb-1.pdf, id=250, 361.35pt x 216.81pt>
File: Alcohol-attributable_diseases_and_dose-response_curves_files/figure-latex/ihdmorb-1.pdf Graphic file (type pdf)
<use Alcohol-attributable_diseases_and_dose-response_curves_files/figure-latex/ihdmorb-1.pdf>
Package pdftex.def Info: Alcohol-attributable_diseases_and_dose-response_curves_files/figure-latex/ihdmorb-1.pdf  used on input line 667.
(pdftex.def)             Requested size: 361.34912pt x 216.80946pt.
[11 <./Alcohol-attributable_diseases_and_dose-response_curves_files/figure-latex/ihdmort-1.pdf>]
<Alcohol-attributable_diseases_and_dose-response_curves_files/figure-latex/cardarrhyth-1.pdf, id=273, 361.35pt x 216.81pt>
File: Alcohol-attributable_diseases_and_dose-response_curves_files/figure-latex/cardarrhyth-1.pdf Graphic file (type pdf)
<use Alcohol-attributable_diseases_and_dose-response_curves_files/figure-latex/cardarrhyth-1.pdf>
Package pdftex.def Info: Alcohol-attributable_diseases_and_dose-response_curves_files/figure-latex/cardarrhyth-1.pdf  used on input line 686.
(pdftex.def)             Requested size: 361.34912pt x 216.80946pt.
[12 <./Alcohol-attributable_diseases_and_dose-response_curves_files/figure-latex/ihdmorb-1.pdf> <./Alcohol-attributable_diseases_and_dose-response_curves_files/figure-latex/cardarrhyth-1.pdf>]
<Alcohol-attributable_diseases_and_dose-response_curves_files/figure-latex/hstrokemort-1.pdf, id=295, 361.35pt x 216.81pt>
File: Alcohol-attributable_diseases_and_dose-response_curves_files/figure-latex/hstrokemort-1.pdf Graphic file (type pdf)
<use Alcohol-attributable_diseases_and_dose-response_curves_files/figure-latex/hstrokemort-1.pdf>
Package pdftex.def Info: Alcohol-attributable_diseases_and_dose-response_curves_files/figure-latex/hstrokemort-1.pdf  used on input line 731.
(pdftex.def)             Requested size: 361.34912pt x 216.80946pt.
<Alcohol-attributable_diseases_and_dose-response_curves_files/figure-latex/hstrokemorb-1.pdf, id=297, 361.35pt x 216.81pt>
File: Alcohol-attributable_diseases_and_dose-response_curves_files/figure-latex/hstrokemorb-1.pdf Graphic file (type pdf)
<use Alcohol-attributable_diseases_and_dose-response_curves_files/figure-latex/hstrokemorb-1.pdf>
Package pdftex.def Info: Alcohol-attributable_diseases_and_dose-response_curves_files/figure-latex/hstrokemorb-1.pdf  used on input line 752.
(pdftex.def)             Requested size: 361.34912pt x 216.80946pt.
[13 <./Alcohol-attributable_diseases_and_dose-response_curves_files/figure-latex/hstrokemort-1.pdf>]
<Alcohol-attributable_diseases_and_dose-response_curves_files/figure-latex/istrokemort-1.pdf, id=317, 361.35pt x 216.81pt>
File: Alcohol-attributable_diseases_and_dose-response_curves_files/figure-latex/istrokemort-1.pdf Graphic file (type pdf)
<use Alcohol-attributable_diseases_and_dose-response_curves_files/figure-latex/istrokemort-1.pdf>
Package pdftex.def Info: Alcohol-attributable_diseases_and_dose-response_curves_files/figure-latex/istrokemort-1.pdf  used on input line 863.
(pdftex.def)             Requested size: 361.34912pt x 216.80946pt.
[14 <./Alcohol-attributable_diseases_and_dose-response_curves_files/figure-latex/hstrokemorb-1.pdf>]
<Alcohol-attributable_diseases_and_dose-response_curves_files/figure-latex/istrokemorb-1.pdf, id=338, 361.35pt x 216.81pt>
File: Alcohol-attributable_diseases_and_dose-response_curves_files/figure-latex/istrokemorb-1.pdf Graphic file (type pdf)
<use Alcohol-attributable_diseases_and_dose-response_curves_files/figure-latex/istrokemorb-1.pdf>
Package pdftex.def Info: Alcohol-attributable_diseases_and_dose-response_curves_files/figure-latex/istrokemorb-1.pdf  used on input line 886.
(pdftex.def)             Requested size: 361.34912pt x 216.80946pt.
[15 <./Alcohol-attributable_diseases_and_dose-response_curves_files/figure-latex/istrokemort-1.pdf> <./Alcohol-attributable_diseases_and_dose-response_curves_files/figure-latex/istrokemorb-1.pdf>]
<Alcohol-attributable_diseases_and_dose-response_curves_files/figure-latex/livercirrmort-1.pdf, id=360, 361.35pt x 216.81pt>
File: Alcohol-attributable_diseases_and_dose-response_curves_files/figure-latex/livercirrmort-1.pdf Graphic file (type pdf)
<use Alcohol-attributable_diseases_and_dose-response_curves_files/figure-latex/livercirrmort-1.pdf>
Package pdftex.def Info: Alcohol-attributable_diseases_and_dose-response_curves_files/figure-latex/livercirrmort-1.pdf  used on input line 935.
(pdftex.def)             Requested size: 361.34912pt x 216.80946pt.
<Alcohol-attributable_diseases_and_dose-response_curves_files/figure-latex/livercirrmorb-1.pdf, id=361, 361.35pt x 216.81pt>
File: Alcohol-attributable_diseases_and_dose-response_curves_files/figure-latex/livercirrmorb-1.pdf Graphic file (type pdf)
<use Alcohol-attributable_diseases_and_dose-response_curves_files/figure-latex/livercirrmorb-1.pdf>
Package pdftex.def Info: Alcohol-attributable_diseases_and_dose-response_curves_files/figure-latex/livercirrmorb-1.pdf  used on input line 954.
(pdftex.def)             Requested size: 361.34912pt x 216.80946pt.
[16 <./Alcohol-attributable_diseases_and_dose-response_curves_files/figure-latex/livercirrmort-1.pdf>]
<Alcohol-attributable_diseases_and_dose-response_curves_files/figure-latex/acutepanc-1.pdf, id=379, 361.35pt x 216.81pt>
File: Alcohol-attributable_diseases_and_dose-response_curves_files/figure-latex/acutepanc-1.pdf Graphic file (type pdf)
<use Alcohol-attributable_diseases_and_dose-response_curves_files/figure-latex/acutepanc-1.pdf>
Package pdftex.def Info: Alcohol-attributable_diseases_and_dose-response_curves_files/figure-latex/acutepanc-1.pdf  used on input line 1001.
(pdftex.def)             Requested size: 361.34912pt x 216.80946pt.
[17 <./Alcohol-attributable_diseases_and_dose-response_curves_files/figure-latex/livercirrmorb-1.pdf>]
<Alcohol-attributable_diseases_and_dose-response_curves_files/figure-latex/chronicpanc-1.pdf, id=394, 361.35pt x 216.81pt>
File: Alcohol-attributable_diseases_and_dose-response_curves_files/figure-latex/chronicpanc-1.pdf Graphic file (type pdf)
<use Alcohol-attributable_diseases_and_dose-response_curves_files/figure-latex/chronicpanc-1.pdf>
Package pdftex.def Info: Alcohol-attributable_diseases_and_dose-response_curves_files/figure-latex/chronicpanc-1.pdf  used on input line 1018.
(pdftex.def)             Requested size: 361.34912pt x 216.80946pt.
[18 <./Alcohol-attributable_diseases_and_dose-response_curves_files/figure-latex/acutepanc-1.pdf> <./Alcohol-attributable_diseases_and_dose-response_curves_files/figure-latex/chronicpanc-1.pdf>]
<Alcohol-attributable_diseases_and_dose-response_curves_files/figure-latex/diabetes-1.pdf, id=414, 361.35pt x 216.81pt>
File: Alcohol-attributable_diseases_and_dose-response_curves_files/figure-latex/diabetes-1.pdf Graphic file (type pdf)
<use Alcohol-attributable_diseases_and_dose-response_curves_files/figure-latex/diabetes-1.pdf>
Package pdftex.def Info: Alcohol-attributable_diseases_and_dose-response_curves_files/figure-latex/diabetes-1.pdf  used on input line 1041.
(pdftex.def)             Requested size: 361.34912pt x 216.80946pt.
<Alcohol-attributable_diseases_and_dose-response_curves_files/figure-latex/epilepsy-1.pdf, id=416, 361.35pt x 216.81pt>
File: Alcohol-attributable_diseases_and_dose-response_curves_files/figure-latex/epilepsy-1.pdf Graphic file (type pdf)
<use Alcohol-attributable_diseases_and_dose-response_curves_files/figure-latex/epilepsy-1.pdf>
Package pdftex.def Info: Alcohol-attributable_diseases_and_dose-response_curves_files/figure-latex/epilepsy-1.pdf  used on input line 1060.
(pdftex.def)             Requested size: 361.34912pt x 216.80946pt.
[19 <./Alcohol-attributable_diseases_and_dose-response_curves_files/figure-latex/diabetes-1.pdf>]
<Alcohol-attributable_diseases_and_dose-response_curves_files/figure-latex/tuberc-1.pdf, id=434, 361.35pt x 216.81pt>
File: Alcohol-attributable_diseases_and_dose-response_curves_files/figure-latex/tuberc-1.pdf Graphic file (type pdf)
<use Alcohol-attributable_diseases_and_dose-response_curves_files/figure-latex/tuberc-1.pdf>
Package pdftex.def Info: Alcohol-attributable_diseases_and_dose-response_curves_files/figure-latex/tuberc-1.pdf  used on input line 1079.
(pdftex.def)             Requested size: 361.34912pt x 216.80946pt.
[20 <./Alcohol-attributable_diseases_and_dose-response_curves_files/figure-latex/epilepsy-1.pdf> <./Alcohol-attributable_diseases_and_dose-response_curves_files/figure-latex/tuberc-1.pdf>]
<Alcohol-attributable_diseases_and_dose-response_curves_files/figure-latex/loweresp-1.pdf, id=455, 361.35pt x 216.81pt>
File: Alcohol-attributable_diseases_and_dose-response_curves_files/figure-latex/loweresp-1.pdf Graphic file (type pdf)
<use Alcohol-attributable_diseases_and_dose-response_curves_files/figure-latex/loweresp-1.pdf>
Package pdftex.def Info: Alcohol-attributable_diseases_and_dose-response_curves_files/figure-latex/loweresp-1.pdf  used on input line 1096.
(pdftex.def)             Requested size: 361.34912pt x 216.80946pt.
<Alcohol-attributable_diseases_and_dose-response_curves_files/figure-latex/transport-1.pdf, id=457, 361.35pt x 216.81pt>
File: Alcohol-attributable_diseases_and_dose-response_curves_files/figure-latex/transport-1.pdf Graphic file (type pdf)
<use Alcohol-attributable_diseases_and_dose-response_curves_files/figure-latex/transport-1.pdf>
Package pdftex.def Info: Alcohol-attributable_diseases_and_dose-response_curves_files/figure-latex/transport-1.pdf  used on input line 1123.
(pdftex.def)             Requested size: 361.34912pt x 216.80946pt.
[21 <./Alcohol-attributable_diseases_and_dose-response_curves_files/figure-latex/loweresp-1.pdf>]
<Alcohol-attributable_diseases_and_dose-response_curves_files/figure-latex/violence-1.pdf, id=473, 361.35pt x 216.81pt>
File: Alcohol-attributable_diseases_and_dose-response_curves_files/figure-latex/violence-1.pdf Graphic file (type pdf)
<use Alcohol-attributable_diseases_and_dose-response_curves_files/figure-latex/violence-1.pdf>
Package pdftex.def Info: Alcohol-attributable_diseases_and_dose-response_curves_files/figure-latex/violence-1.pdf  used on input line 1146.
(pdftex.def)             Requested size: 361.34912pt x 216.80946pt.
[22 <./Alcohol-attributable_diseases_and_dose-response_curves_files/figure-latex/transport-1.pdf> <./Alcohol-attributable_diseases_and_dose-response_curves_files/figure-latex/violence-1.pdf>]
<Alcohol-attributable_diseases_and_dose-response_curves_files/figure-latex/falls-1.pdf, id=494, 361.35pt x 216.81pt>
File: Alcohol-attributable_diseases_and_dose-response_curves_files/figure-latex/falls-1.pdf Graphic file (type pdf)
<use Alcohol-attributable_diseases_and_dose-response_curves_files/figure-latex/falls-1.pdf>
Package pdftex.def Info: Alcohol-attributable_diseases_and_dose-response_curves_files/figure-latex/falls-1.pdf  used on input line 1169.
(pdftex.def)             Requested size: 361.34912pt x 216.80946pt.
<Alcohol-attributable_diseases_and_dose-response_curves_files/figure-latex/otherinj-1.pdf, id=496, 361.35pt x 216.81pt>
File: Alcohol-attributable_diseases_and_dose-response_curves_files/figure-latex/otherinj-1.pdf Graphic file (type pdf)
<use Alcohol-attributable_diseases_and_dose-response_curves_files/figure-latex/otherinj-1.pdf>
Package pdftex.def Info: Alcohol-attributable_diseases_and_dose-response_curves_files/figure-latex/otherinj-1.pdf  used on input line 1192.
(pdftex.def)             Requested size: 361.34912pt x 216.80946pt.
[23 <./Alcohol-attributable_diseases_and_dose-response_curves_files/figure-latex/falls-1.pdf>] [24 <./Alcohol-attributable_diseases_and_dose-response_curves_files/figure-latex/otherinj-1.pdf>]
Underfull \hbox (badness 10000) in paragraph at lines 1231--1232
\T1/lmr/m/n/10 (+20) and _ publications / reports _ and _ books / Documents / CAMH -[] Risk -[] relations -[] between -[] alcohol -[] use -[] and -[]
 []

[25] (./Alcohol-attributable_diseases_and_dose-response_curves.aux)
 ***********
LaTeX2e <2026-06-01>
L3 programming layer <2026-06-18>
 ***********

LaTeX Warning: There were multiply-defined labels.

 ) 
Here is how much of TeX's memory you used:
 31132 strings out of 469097
 605572 string characters out of 5456420
 1069876 words of memory out of 5000000
 59345 multiletter control sequences out of 15000+600000
 700985 words of font info for 149 fonts, out of 8000000 for 9000
 36 hyphenation exceptions out of 8191
 98i,14n,108p,1614b,1012s stack positions out of 10000i,1000n,20000p,200000b,200000s
<c:/Users/cm1dog/AppData/Roaming/TinyTeX/texmf-dist/fonts/type1/public/lm/lmbx10.pfb><c:/Users/cm1dog/AppData/Roaming/TinyTeX/texmf-dist/fonts/type1/public/lm/lmbx12.pfb><c:/Users/cm1dog/AppData/Roaming/TinyTeX/texmf-dist/fonts/type1/public/lm/lmex10.pfb><c:/Users/cm1dog/AppData/Roaming/TinyTeX/texmf-dist/fonts/type1/public/lm/lmmi10.pfb><c:/Users/cm1dog/AppData/Roaming/TinyTeX/texmf-dist/fonts/type1/public/lm/lmmi5.pfb><c:/Users/cm1dog/AppData/Roaming/TinyTeX/texmf-dist/fonts/type1/public/lm/lmmi7.pfb><c:/Users/cm1dog/AppData/Roaming/TinyTeX/texmf-dist/fonts/type1/public/lm/lmr10.pfb><c:/Users/cm1dog/AppData/Roaming/TinyTeX/texmf-dist/fonts/type1/public/lm/lmr12.pfb><c:/Users/cm1dog/AppData/Roaming/TinyTeX/texmf-dist/fonts/type1/public/lm/lmr5.pfb><c:/Users/cm1dog/AppData/Roaming/TinyTeX/texmf-dist/fonts/type1/public/lm/lmr6.pfb><c:/Users/cm1dog/AppData/Roaming/TinyTeX/texmf-dist/fonts/type1/public/lm/lmr7.pfb><c:/Users/cm1dog/AppData/Roaming/TinyTeX/texmf-dist/fonts/type1/public/lm/lmr8.pfb><c:/Users/cm1dog/AppData/Roaming/TinyTeX/texmf-dist/fonts/type1/public/lm/lmri10.pfb><c:/Users/cm1dog/AppData/Roaming/TinyTeX/texmf-dist/fonts/type1/public/lm/lmsy10.pfb><c:/Users/cm1dog/AppData/Roaming/TinyTeX/texmf-dist/fonts/type1/public/lm/lmsy5.pfb><c:/Users/cm1dog/AppData/Roaming/TinyTeX/texmf-dist/fonts/type1/public/lm/lmsy7.pfb>
Output written on Alcohol-attributable_diseases_and_dose-response_curves.pdf (25 pages, 491266 bytes).
PDF statistics:
 749 PDF objects out of 1000 (max. 8388607)
 625 compressed objects within 7 object streams
 171 named destinations out of 1000 (max. 500000)
 41385 words of extra memory for PDF output out of 42996 (max. 10000000)

